<?xml version="1.0" encoding="UTF-8"?>
<!-- Generated by org.testng.reporters.JUnitXMLReporter -->
<testsuite ignored="2" hostname="LAPTOP-T1RAV8IF" failures="0" tests="1" name="Default test" time="6.51" errors="0" timestamp="2022-02-08T15:43:45 IST">
  <testcase classname="testScripts.PutRequestSample" name="createPost" time="6.429"/>
  <testcase classname="testScripts.PutRequestSample" name="updateUser" time="0.0">
    <ignored/>
  </testcase> <!-- updateUser -->
  <testcase classname="testScripts.PutRequestSample" name="deleteUser" time="0.0">
    <ignored/>
  </testcase> <!-- deleteUser -->
</testsuite> <!-- Default test -->
