<?xml version="1.0" encoding="UTF-8"?>
<testng-results ignored="2" total="3" passed="1" failed="0" skipped="0">
  <reporter-output>
  </reporter-output>
  <suite started-at="2022-02-08T15:43:38 IST" name="Default suite" finished-at="2022-02-08T15:43:45 IST" duration-ms="6510">
    <groups>
    </groups>
    <test started-at="2022-02-08T15:43:38 IST" name="Default test" finished-at="2022-02-08T15:43:45 IST" duration-ms="6510">
      <class name="testScripts.PutRequestSample">
        <test-method signature="createPost()[pri:0, instance:testScripts.PutRequestSample@140c9f39]" started-at="2022-02-08T15:43:38 IST" name="createPost" finished-at="2022-02-08T15:43:45 IST" duration-ms="6429" status="PASS">
          <reporter-output>
          </reporter-output>
        </test-method> <!-- createPost -->
      </class> <!-- testScripts.PutRequestSample -->
    </test> <!-- Default test -->
  </suite> <!-- Default suite -->
</testng-results>
